f:\class_s6\project1\pinball\x64\release\vc142.pdb
f:\class_s6\project1\pinball\x64\release\trials.obj
f:\class_s6\project1\pinball\x64\release\source.obj
f:\class_s6\project1\pinball\x64\release\plunger.obj
f:\class_s6\project1\pinball\x64\release\header.obj
f:\class_s6\project1\pinball\x64\release\flipper.obj
f:\class_s6\project1\pinball\x64\release\ball.obj
f:\class_s6\project1\pinball\x64\release\vec.obj
f:\class_s6\project1\pinball\x64\release\reader.obj
f:\class_s6\project1\pinball\x64\release\objects.obj
f:\class_s6\project1\pinball\x64\release\collisiondetection.obj
f:\class_s6\project1\pinball\x64\release\boxrigid.obj
f:\class_s6\project1\pinball\x64\release\pinball.ipdb
f:\class_s6\project1\pinball\x64\release\pinball.iobj
f:\class_s6\project1\pinball\x64\release\pinball.pdb
f:\class_s6\project1\pinball\x64\release\pinball.tlog\cl.command.1.tlog
f:\class_s6\project1\pinball\x64\release\pinball.tlog\cl.read.1.tlog
f:\class_s6\project1\pinball\x64\release\pinball.tlog\cl.write.1.tlog
f:\class_s6\project1\pinball\x64\release\pinball.tlog\link.command.1.tlog
f:\class_s6\project1\pinball\x64\release\pinball.tlog\link.read.1.tlog
f:\class_s6\project1\pinball\x64\release\pinball.tlog\link.write.1.tlog
f:\class_s6\project1\pinball\x64\release\pinball.tlog\pinball.write.1u.tlog
